DEBUG:urllib3.util.retry:Converted retries value: 2 -> Retry(total=2, connect=None, read=None, redirect=None, status=None)
DEBUG:urllib3.util.retry:Converted retries value: 2 -> Retry(total=2, connect=None, read=None, redirect=None, status=None)
DEBUG:geopy:Nominatim.geocode: https://nominatim.openstreetmap.org/search?q=washington+DC&format=json&limit=1
DEBUG:urllib3.connectionpool:Starting new HTTPS connection (1): nominatim.openstreetmap.org:443
DEBUG:urllib3.connectionpool:https://nominatim.openstreetmap.org:443 "GET /search?q=washington+DC&format=json&limit=1 HTTP/1.1" 200 439
DEBUG:urllib3.util.retry:Converted retries value: 2 -> Retry(total=2, connect=None, read=None, redirect=None, status=None)
DEBUG:urllib3.util.retry:Converted retries value: 2 -> Retry(total=2, connect=None, read=None, redirect=None, status=None)
DEBUG:geopy:Nominatim.geocode: https://nominatim.openstreetmap.org/search?q=washington+DC&format=json&limit=1
DEBUG:urllib3.connectionpool:Starting new HTTPS connection (1): nominatim.openstreetmap.org:443
DEBUG:urllib3.connectionpool:https://nominatim.openstreetmap.org:443 "GET /search?q=washington+DC&format=json&limit=1 HTTP/1.1" 200 439
DEBUG:urllib3.util.retry:Converted retries value: 2 -> Retry(total=2, connect=None, read=None, redirect=None, status=None)
DEBUG:urllib3.util.retry:Converted retries value: 2 -> Retry(total=2, connect=None, read=None, redirect=None, status=None)
DEBUG:geopy:Nominatim.geocode: https://nominatim.openstreetmap.org/search?q=washington+DC&format=json&limit=1
DEBUG:urllib3.connectionpool:Starting new HTTPS connection (1): nominatim.openstreetmap.org:443
DEBUG:urllib3.connectionpool:https://nominatim.openstreetmap.org:443 "GET /search?q=washington+DC&format=json&limit=1 HTTP/1.1" 200 439
DEBUG:urllib3.util.retry:Converted retries value: 2 -> Retry(total=2, connect=None, read=None, redirect=None, status=None)
DEBUG:urllib3.util.retry:Converted retries value: 2 -> Retry(total=2, connect=None, read=None, redirect=None, status=None)
DEBUG:geopy:Nominatim.geocode: https://nominatim.openstreetmap.org/search?q=washington+DC&format=json&limit=1
DEBUG:urllib3.connectionpool:Starting new HTTPS connection (1): nominatim.openstreetmap.org:443
DEBUG:urllib3.connectionpool:https://nominatim.openstreetmap.org:443 "GET /search?q=washington+DC&format=json&limit=1 HTTP/1.1" 200 439
DEBUG:urllib3.util.retry:Converted retries value: 2 -> Retry(total=2, connect=None, read=None, redirect=None, status=None)
DEBUG:urllib3.util.retry:Converted retries value: 2 -> Retry(total=2, connect=None, read=None, redirect=None, status=None)
DEBUG:geopy:Nominatim.geocode: https://nominatim.openstreetmap.org/search?q=washington+DC&format=json&limit=1
DEBUG:urllib3.connectionpool:Starting new HTTPS connection (1): nominatim.openstreetmap.org:443
DEBUG:urllib3.connectionpool:https://nominatim.openstreetmap.org:443 "GET /search?q=washington+DC&format=json&limit=1 HTTP/1.1" 200 439
DEBUG:urllib3.util.retry:Converted retries value: 2 -> Retry(total=2, connect=None, read=None, redirect=None, status=None)
DEBUG:urllib3.util.retry:Converted retries value: 2 -> Retry(total=2, connect=None, read=None, redirect=None, status=None)
DEBUG:geopy:Nominatim.geocode: https://nominatim.openstreetmap.org/search?q=washington+DC&format=json&limit=1
DEBUG:urllib3.connectionpool:Starting new HTTPS connection (1): nominatim.openstreetmap.org:443
DEBUG:urllib3.connectionpool:https://nominatim.openstreetmap.org:443 "GET /search?q=washington+DC&format=json&limit=1 HTTP/1.1" 200 439
DEBUG:urllib3.util.retry:Converted retries value: 2 -> Retry(total=2, connect=None, read=None, redirect=None, status=None)
DEBUG:urllib3.util.retry:Converted retries value: 2 -> Retry(total=2, connect=None, read=None, redirect=None, status=None)
DEBUG:geopy:Nominatim.geocode: https://nominatim.openstreetmap.org/search?q=washington+DC&format=json&limit=1
DEBUG:urllib3.connectionpool:Starting new HTTPS connection (1): nominatim.openstreetmap.org:443
DEBUG:urllib3.connectionpool:https://nominatim.openstreetmap.org:443 "GET /search?q=washington+DC&format=json&limit=1 HTTP/1.1" 200 439
DEBUG:urllib3.util.retry:Converted retries value: 2 -> Retry(total=2, connect=None, read=None, redirect=None, status=None)
DEBUG:urllib3.util.retry:Converted retries value: 2 -> Retry(total=2, connect=None, read=None, redirect=None, status=None)
DEBUG:geopy:Nominatim.geocode: https://nominatim.openstreetmap.org/search?q=washington+DC&format=json&limit=1
DEBUG:urllib3.connectionpool:Starting new HTTPS connection (1): nominatim.openstreetmap.org:443
DEBUG:urllib3.connectionpool:https://nominatim.openstreetmap.org:443 "GET /search?q=washington+DC&format=json&limit=1 HTTP/1.1" 200 439
DEBUG:urllib3.util.retry:Converted retries value: 2 -> Retry(total=2, connect=None, read=None, redirect=None, status=None)
DEBUG:urllib3.util.retry:Converted retries value: 2 -> Retry(total=2, connect=None, read=None, redirect=None, status=None)
DEBUG:geopy:Nominatim.geocode: https://nominatim.openstreetmap.org/search?q=washington+DC&format=json&limit=1
DEBUG:urllib3.connectionpool:Starting new HTTPS connection (1): nominatim.openstreetmap.org:443
DEBUG:urllib3.connectionpool:https://nominatim.openstreetmap.org:443 "GET /search?q=washington+DC&format=json&limit=1 HTTP/1.1" 200 439
DEBUG:urllib3.util.retry:Converted retries value: 2 -> Retry(total=2, connect=None, read=None, redirect=None, status=None)
DEBUG:urllib3.util.retry:Converted retries value: 2 -> Retry(total=2, connect=None, read=None, redirect=None, status=None)
DEBUG:geopy:Nominatim.geocode: https://nominatim.openstreetmap.org/search?q=washington+DC&format=json&limit=1
DEBUG:urllib3.connectionpool:Starting new HTTPS connection (1): nominatim.openstreetmap.org:443
DEBUG:urllib3.connectionpool:https://nominatim.openstreetmap.org:443 "GET /search?q=washington+DC&format=json&limit=1 HTTP/1.1" 200 439
DEBUG:urllib3.util.retry:Converted retries value: 2 -> Retry(total=2, connect=None, read=None, redirect=None, status=None)
DEBUG:urllib3.util.retry:Converted retries value: 2 -> Retry(total=2, connect=None, read=None, redirect=None, status=None)
DEBUG:geopy:Nominatim.geocode: https://nominatim.openstreetmap.org/search?q=washington+DC&format=json&limit=1
DEBUG:urllib3.connectionpool:Starting new HTTPS connection (1): nominatim.openstreetmap.org:443
DEBUG:urllib3.connectionpool:https://nominatim.openstreetmap.org:443 "GET /search?q=washington+DC&format=json&limit=1 HTTP/1.1" 200 439
DEBUG:urllib3.util.retry:Converted retries value: 2 -> Retry(total=2, connect=None, read=None, redirect=None, status=None)
DEBUG:urllib3.util.retry:Converted retries value: 2 -> Retry(total=2, connect=None, read=None, redirect=None, status=None)
DEBUG:geopy:Nominatim.geocode: https://nominatim.openstreetmap.org/search?q=washington+DC&format=json&limit=1
DEBUG:urllib3.connectionpool:Starting new HTTPS connection (1): nominatim.openstreetmap.org:443
DEBUG:urllib3.connectionpool:https://nominatim.openstreetmap.org:443 "GET /search?q=washington+DC&format=json&limit=1 HTTP/1.1" 200 439
DEBUG:urllib3.util.retry:Converted retries value: 2 -> Retry(total=2, connect=None, read=None, redirect=None, status=None)
DEBUG:urllib3.util.retry:Converted retries value: 2 -> Retry(total=2, connect=None, read=None, redirect=None, status=None)
DEBUG:geopy:Nominatim.geocode: https://nominatim.openstreetmap.org/search?q=washington+DC&format=json&limit=1
DEBUG:urllib3.connectionpool:Starting new HTTPS connection (1): nominatim.openstreetmap.org:443
DEBUG:urllib3.connectionpool:https://nominatim.openstreetmap.org:443 "GET /search?q=washington+DC&format=json&limit=1 HTTP/1.1" 200 439
DEBUG:urllib3.util.retry:Converted retries value: 2 -> Retry(total=2, connect=None, read=None, redirect=None, status=None)
DEBUG:urllib3.util.retry:Converted retries value: 2 -> Retry(total=2, connect=None, read=None, redirect=None, status=None)
DEBUG:geopy:Nominatim.geocode: https://nominatim.openstreetmap.org/search?q=washington+DC&format=json&limit=1
DEBUG:urllib3.connectionpool:Starting new HTTPS connection (1): nominatim.openstreetmap.org:443
DEBUG:urllib3.connectionpool:https://nominatim.openstreetmap.org:443 "GET /search?q=washington+DC&format=json&limit=1 HTTP/1.1" 200 439
DEBUG:urllib3.util.retry:Converted retries value: 2 -> Retry(total=2, connect=None, read=None, redirect=None, status=None)
DEBUG:urllib3.util.retry:Converted retries value: 2 -> Retry(total=2, connect=None, read=None, redirect=None, status=None)
DEBUG:geopy:Nominatim.geocode: https://nominatim.openstreetmap.org/search?q=washington+DC&format=json&limit=1
DEBUG:urllib3.connectionpool:Starting new HTTPS connection (1): nominatim.openstreetmap.org:443
DEBUG:urllib3.connectionpool:https://nominatim.openstreetmap.org:443 "GET /search?q=washington+DC&format=json&limit=1 HTTP/1.1" 200 439
DEBUG:urllib3.util.retry:Converted retries value: 2 -> Retry(total=2, connect=None, read=None, redirect=None, status=None)
DEBUG:urllib3.util.retry:Converted retries value: 2 -> Retry(total=2, connect=None, read=None, redirect=None, status=None)
DEBUG:geopy:Nominatim.geocode: https://nominatim.openstreetmap.org/search?q=washington+DC&format=json&limit=1
DEBUG:urllib3.connectionpool:Starting new HTTPS connection (1): nominatim.openstreetmap.org:443
DEBUG:urllib3.connectionpool:https://nominatim.openstreetmap.org:443 "GET /search?q=washington+DC&format=json&limit=1 HTTP/1.1" 200 439
DEBUG:urllib3.util.retry:Converted retries value: 2 -> Retry(total=2, connect=None, read=None, redirect=None, status=None)
DEBUG:urllib3.util.retry:Converted retries value: 2 -> Retry(total=2, connect=None, read=None, redirect=None, status=None)
DEBUG:geopy:Nominatim.geocode: https://nominatim.openstreetmap.org/search?q=washington+DC&format=json&limit=1
DEBUG:urllib3.connectionpool:Starting new HTTPS connection (1): nominatim.openstreetmap.org:443
DEBUG:urllib3.connectionpool:https://nominatim.openstreetmap.org:443 "GET /search?q=washington+DC&format=json&limit=1 HTTP/1.1" 200 439
DEBUG:urllib3.util.retry:Converted retries value: 2 -> Retry(total=2, connect=None, read=None, redirect=None, status=None)
DEBUG:urllib3.util.retry:Converted retries value: 2 -> Retry(total=2, connect=None, read=None, redirect=None, status=None)
DEBUG:geopy:Nominatim.geocode: https://nominatim.openstreetmap.org/search?q=washington+DC&format=json&limit=1
DEBUG:urllib3.connectionpool:Starting new HTTPS connection (1): nominatim.openstreetmap.org:443
DEBUG:urllib3.connectionpool:https://nominatim.openstreetmap.org:443 "GET /search?q=washington+DC&format=json&limit=1 HTTP/1.1" 200 439
DEBUG:urllib3.util.retry:Converted retries value: 2 -> Retry(total=2, connect=None, read=None, redirect=None, status=None)
DEBUG:urllib3.util.retry:Converted retries value: 2 -> Retry(total=2, connect=None, read=None, redirect=None, status=None)
DEBUG:geopy:Nominatim.geocode: https://nominatim.openstreetmap.org/search?q=washington+DC&format=json&limit=1
DEBUG:urllib3.connectionpool:Starting new HTTPS connection (1): nominatim.openstreetmap.org:443
DEBUG:urllib3.connectionpool:https://nominatim.openstreetmap.org:443 "GET /search?q=washington+DC&format=json&limit=1 HTTP/1.1" 200 439
DEBUG:urllib3.util.retry:Converted retries value: 2 -> Retry(total=2, connect=None, read=None, redirect=None, status=None)
DEBUG:urllib3.util.retry:Converted retries value: 2 -> Retry(total=2, connect=None, read=None, redirect=None, status=None)
DEBUG:geopy:Nominatim.geocode: https://nominatim.openstreetmap.org/search?q=washington+DC&format=json&limit=1
DEBUG:urllib3.connectionpool:Starting new HTTPS connection (1): nominatim.openstreetmap.org:443
DEBUG:urllib3.connectionpool:https://nominatim.openstreetmap.org:443 "GET /search?q=washington+DC&format=json&limit=1 HTTP/1.1" 200 439
DEBUG:urllib3.util.retry:Converted retries value: 2 -> Retry(total=2, connect=None, read=None, redirect=None, status=None)
DEBUG:urllib3.util.retry:Converted retries value: 2 -> Retry(total=2, connect=None, read=None, redirect=None, status=None)
DEBUG:geopy:Nominatim.geocode: https://nominatim.openstreetmap.org/search?q=washington+DC&format=json&limit=1
DEBUG:urllib3.connectionpool:Starting new HTTPS connection (1): nominatim.openstreetmap.org:443
DEBUG:urllib3.connectionpool:https://nominatim.openstreetmap.org:443 "GET /search?q=washington+DC&format=json&limit=1 HTTP/1.1" 200 439
DEBUG:urllib3.util.retry:Converted retries value: 2 -> Retry(total=2, connect=None, read=None, redirect=None, status=None)
DEBUG:urllib3.util.retry:Converted retries value: 2 -> Retry(total=2, connect=None, read=None, redirect=None, status=None)
DEBUG:geopy:Nominatim.geocode: https://nominatim.openstreetmap.org/search?q=washington+DC&format=json&limit=1
DEBUG:urllib3.connectionpool:Starting new HTTPS connection (1): nominatim.openstreetmap.org:443
DEBUG:urllib3.connectionpool:https://nominatim.openstreetmap.org:443 "GET /search?q=washington+DC&format=json&limit=1 HTTP/1.1" 200 439
DEBUG:urllib3.util.retry:Converted retries value: 2 -> Retry(total=2, connect=None, read=None, redirect=None, status=None)
DEBUG:urllib3.util.retry:Converted retries value: 2 -> Retry(total=2, connect=None, read=None, redirect=None, status=None)
DEBUG:geopy:Nominatim.geocode: https://nominatim.openstreetmap.org/search?q=washington+DC&format=json&limit=1
DEBUG:urllib3.connectionpool:Starting new HTTPS connection (1): nominatim.openstreetmap.org:443
DEBUG:urllib3.connectionpool:https://nominatim.openstreetmap.org:443 "GET /search?q=washington+DC&format=json&limit=1 HTTP/1.1" 200 439
DEBUG:urllib3.util.retry:Converted retries value: 2 -> Retry(total=2, connect=None, read=None, redirect=None, status=None)
DEBUG:urllib3.util.retry:Converted retries value: 2 -> Retry(total=2, connect=None, read=None, redirect=None, status=None)
DEBUG:geopy:Nominatim.geocode: https://nominatim.openstreetmap.org/search?q=washington+DC&format=json&limit=1
DEBUG:urllib3.connectionpool:Starting new HTTPS connection (1): nominatim.openstreetmap.org:443
DEBUG:urllib3.connectionpool:https://nominatim.openstreetmap.org:443 "GET /search?q=washington+DC&format=json&limit=1 HTTP/1.1" 200 439
DEBUG:urllib3.util.retry:Converted retries value: 2 -> Retry(total=2, connect=None, read=None, redirect=None, status=None)
DEBUG:urllib3.util.retry:Converted retries value: 2 -> Retry(total=2, connect=None, read=None, redirect=None, status=None)
DEBUG:geopy:Nominatim.geocode: https://nominatim.openstreetmap.org/search?q=washington+DC&format=json&limit=1
DEBUG:urllib3.connectionpool:Starting new HTTPS connection (1): nominatim.openstreetmap.org:443
DEBUG:urllib3.util.retry:Incremented Retry for (url='/search?q=washington+DC&format=json&limit=1'): Retry(total=1, connect=None, read=None, redirect=None, status=None)
WARNING:urllib3.connectionpool:Retrying (Retry(total=1, connect=None, read=None, redirect=None, status=None)) after connection broken by 'NameResolutionError("<urllib3.connection.HTTPSConnection object at 0x0000017F4C88CFB0>: Failed to resolve 'nominatim.openstreetmap.org' ([Errno 11001] getaddrinfo failed)")': /search?q=washington+DC&format=json&limit=1
DEBUG:urllib3.connectionpool:Starting new HTTPS connection (2): nominatim.openstreetmap.org:443
DEBUG:urllib3.util.retry:Incremented Retry for (url='/search?q=washington+DC&format=json&limit=1'): Retry(total=0, connect=None, read=None, redirect=None, status=None)
WARNING:urllib3.connectionpool:Retrying (Retry(total=0, connect=None, read=None, redirect=None, status=None)) after connection broken by 'NameResolutionError("<urllib3.connection.HTTPSConnection object at 0x0000017F4C88F4D0>: Failed to resolve 'nominatim.openstreetmap.org' ([Errno 11001] getaddrinfo failed)")': /search?q=washington+DC&format=json&limit=1
DEBUG:urllib3.connectionpool:Starting new HTTPS connection (3): nominatim.openstreetmap.org:443
DEBUG:urllib3.util.retry:Converted retries value: 2 -> Retry(total=2, connect=None, read=None, redirect=None, status=None)
DEBUG:urllib3.util.retry:Converted retries value: 2 -> Retry(total=2, connect=None, read=None, redirect=None, status=None)
DEBUG:geopy:Nominatim.geocode: https://nominatim.openstreetmap.org/search?q=washington+DC&format=json&limit=1
DEBUG:urllib3.connectionpool:Starting new HTTPS connection (1): nominatim.openstreetmap.org:443
DEBUG:urllib3.util.retry:Incremented Retry for (url='/search?q=washington+DC&format=json&limit=1'): Retry(total=1, connect=None, read=None, redirect=None, status=None)
WARNING:urllib3.connectionpool:Retrying (Retry(total=1, connect=None, read=None, redirect=None, status=None)) after connection broken by 'ReadTimeoutError("HTTPSConnectionPool(host='nominatim.openstreetmap.org', port=443): Read timed out. (read timeout=1)")': /search?q=washington+DC&format=json&limit=1
DEBUG:urllib3.connectionpool:Starting new HTTPS connection (2): nominatim.openstreetmap.org:443
DEBUG:urllib3.connectionpool:https://nominatim.openstreetmap.org:443 "GET /search?q=washington+DC&format=json&limit=1 HTTP/1.1" 200 439
DEBUG:urllib3.util.retry:Converted retries value: 2 -> Retry(total=2, connect=None, read=None, redirect=None, status=None)
DEBUG:urllib3.util.retry:Converted retries value: 2 -> Retry(total=2, connect=None, read=None, redirect=None, status=None)
DEBUG:geopy:Nominatim.geocode: https://nominatim.openstreetmap.org/search?q=washington+DC&format=json&limit=1
DEBUG:urllib3.connectionpool:Starting new HTTPS connection (1): nominatim.openstreetmap.org:443
DEBUG:urllib3.connectionpool:https://nominatim.openstreetmap.org:443 "GET /search?q=washington+DC&format=json&limit=1 HTTP/1.1" 200 439
DEBUG:urllib3.util.retry:Converted retries value: 2 -> Retry(total=2, connect=None, read=None, redirect=None, status=None)
DEBUG:urllib3.util.retry:Converted retries value: 2 -> Retry(total=2, connect=None, read=None, redirect=None, status=None)
DEBUG:geopy:Nominatim.geocode: https://nominatim.openstreetmap.org/search?q=washington+DC&format=json&limit=1
DEBUG:urllib3.connectionpool:Starting new HTTPS connection (1): nominatim.openstreetmap.org:443
DEBUG:urllib3.connectionpool:https://nominatim.openstreetmap.org:443 "GET /search?q=washington+DC&format=json&limit=1 HTTP/1.1" 200 439
DEBUG:urllib3.util.retry:Converted retries value: 2 -> Retry(total=2, connect=None, read=None, redirect=None, status=None)
DEBUG:urllib3.util.retry:Converted retries value: 2 -> Retry(total=2, connect=None, read=None, redirect=None, status=None)
DEBUG:geopy:Nominatim.geocode: https://nominatim.openstreetmap.org/search?q=washington+DC&format=json&limit=1
DEBUG:urllib3.connectionpool:Starting new HTTPS connection (1): nominatim.openstreetmap.org:443
DEBUG:urllib3.connectionpool:https://nominatim.openstreetmap.org:443 "GET /search?q=washington+DC&format=json&limit=1 HTTP/1.1" 200 439
DEBUG:urllib3.util.retry:Converted retries value: 2 -> Retry(total=2, connect=None, read=None, redirect=None, status=None)
DEBUG:urllib3.util.retry:Converted retries value: 2 -> Retry(total=2, connect=None, read=None, redirect=None, status=None)
DEBUG:geopy:Nominatim.geocode: https://nominatim.openstreetmap.org/search?q=washington+DC&format=json&limit=1
DEBUG:urllib3.connectionpool:Starting new HTTPS connection (1): nominatim.openstreetmap.org:443
DEBUG:urllib3.connectionpool:https://nominatim.openstreetmap.org:443 "GET /search?q=washington+DC&format=json&limit=1 HTTP/1.1" 200 439
DEBUG:urllib3.util.retry:Converted retries value: 2 -> Retry(total=2, connect=None, read=None, redirect=None, status=None)
DEBUG:urllib3.util.retry:Converted retries value: 2 -> Retry(total=2, connect=None, read=None, redirect=None, status=None)
DEBUG:geopy:Nominatim.geocode: https://nominatim.openstreetmap.org/search?q=washington+DC&format=json&limit=1
DEBUG:urllib3.connectionpool:Starting new HTTPS connection (1): nominatim.openstreetmap.org:443
DEBUG:urllib3.connectionpool:https://nominatim.openstreetmap.org:443 "GET /search?q=washington+DC&format=json&limit=1 HTTP/1.1" 200 439
DEBUG:urllib3.util.retry:Converted retries value: 2 -> Retry(total=2, connect=None, read=None, redirect=None, status=None)
DEBUG:urllib3.util.retry:Converted retries value: 2 -> Retry(total=2, connect=None, read=None, redirect=None, status=None)
DEBUG:geopy:Nominatim.geocode: https://nominatim.openstreetmap.org/search?q=washington+DC&format=json&limit=1
DEBUG:urllib3.connectionpool:Starting new HTTPS connection (1): nominatim.openstreetmap.org:443
DEBUG:urllib3.connectionpool:https://nominatim.openstreetmap.org:443 "GET /search?q=washington+DC&format=json&limit=1 HTTP/1.1" 200 439
DEBUG:urllib3.util.retry:Converted retries value: 2 -> Retry(total=2, connect=None, read=None, redirect=None, status=None)
DEBUG:urllib3.util.retry:Converted retries value: 2 -> Retry(total=2, connect=None, read=None, redirect=None, status=None)
DEBUG:geopy:Nominatim.geocode: https://nominatim.openstreetmap.org/search?q=washington+DC&format=json&limit=1
DEBUG:urllib3.connectionpool:Starting new HTTPS connection (1): nominatim.openstreetmap.org:443
DEBUG:urllib3.connectionpool:https://nominatim.openstreetmap.org:443 "GET /search?q=washington+DC&format=json&limit=1 HTTP/1.1" 200 439
DEBUG:urllib3.util.retry:Converted retries value: 2 -> Retry(total=2, connect=None, read=None, redirect=None, status=None)
DEBUG:urllib3.util.retry:Converted retries value: 2 -> Retry(total=2, connect=None, read=None, redirect=None, status=None)
DEBUG:geopy:Nominatim.geocode: https://nominatim.openstreetmap.org/search?q=washington+DC&format=json&limit=1
DEBUG:urllib3.connectionpool:Starting new HTTPS connection (1): nominatim.openstreetmap.org:443
DEBUG:urllib3.connectionpool:https://nominatim.openstreetmap.org:443 "GET /search?q=washington+DC&format=json&limit=1 HTTP/1.1" 200 439
DEBUG:urllib3.util.retry:Converted retries value: 2 -> Retry(total=2, connect=None, read=None, redirect=None, status=None)
DEBUG:urllib3.util.retry:Converted retries value: 2 -> Retry(total=2, connect=None, read=None, redirect=None, status=None)
DEBUG:geopy:Nominatim.geocode: https://nominatim.openstreetmap.org/search?q=washington+DC&format=json&limit=1
DEBUG:urllib3.connectionpool:Starting new HTTPS connection (1): nominatim.openstreetmap.org:443
DEBUG:urllib3.connectionpool:https://nominatim.openstreetmap.org:443 "GET /search?q=washington+DC&format=json&limit=1 HTTP/1.1" 200 439
DEBUG:urllib3.util.retry:Converted retries value: 2 -> Retry(total=2, connect=None, read=None, redirect=None, status=None)
DEBUG:urllib3.util.retry:Converted retries value: 2 -> Retry(total=2, connect=None, read=None, redirect=None, status=None)
DEBUG:geopy:Nominatim.geocode: https://nominatim.openstreetmap.org/search?q=washington+DC&format=json&limit=1
DEBUG:urllib3.connectionpool:Starting new HTTPS connection (1): nominatim.openstreetmap.org:443
DEBUG:urllib3.util.retry:Incremented Retry for (url='/search?q=washington+DC&format=json&limit=1'): Retry(total=1, connect=None, read=None, redirect=None, status=None)
WARNING:urllib3.connectionpool:Retrying (Retry(total=1, connect=None, read=None, redirect=None, status=None)) after connection broken by 'ReadTimeoutError("HTTPSConnectionPool(host='nominatim.openstreetmap.org', port=443): Read timed out. (read timeout=1)")': /search?q=washington+DC&format=json&limit=1
DEBUG:urllib3.connectionpool:Starting new HTTPS connection (2): nominatim.openstreetmap.org:443
DEBUG:urllib3.util.retry:Incremented Retry for (url='/search?q=washington+DC&format=json&limit=1'): Retry(total=0, connect=None, read=None, redirect=None, status=None)
WARNING:urllib3.connectionpool:Retrying (Retry(total=0, connect=None, read=None, redirect=None, status=None)) after connection broken by 'ReadTimeoutError("HTTPSConnectionPool(host='nominatim.openstreetmap.org', port=443): Read timed out. (read timeout=1)")': /search?q=washington+DC&format=json&limit=1
DEBUG:urllib3.connectionpool:Starting new HTTPS connection (3): nominatim.openstreetmap.org:443
DEBUG:urllib3.connectionpool:https://nominatim.openstreetmap.org:443 "GET /search?q=washington+DC&format=json&limit=1 HTTP/1.1" 200 439
DEBUG:urllib3.util.retry:Converted retries value: 2 -> Retry(total=2, connect=None, read=None, redirect=None, status=None)
DEBUG:urllib3.util.retry:Converted retries value: 2 -> Retry(total=2, connect=None, read=None, redirect=None, status=None)
DEBUG:geopy:Nominatim.geocode: https://nominatim.openstreetmap.org/search?q=washington+DC&format=json&limit=1
DEBUG:urllib3.connectionpool:Starting new HTTPS connection (1): nominatim.openstreetmap.org:443
DEBUG:urllib3.connectionpool:https://nominatim.openstreetmap.org:443 "GET /search?q=washington+DC&format=json&limit=1 HTTP/1.1" 200 439
DEBUG:urllib3.util.retry:Converted retries value: 2 -> Retry(total=2, connect=None, read=None, redirect=None, status=None)
DEBUG:urllib3.util.retry:Converted retries value: 2 -> Retry(total=2, connect=None, read=None, redirect=None, status=None)
DEBUG:geopy:Nominatim.geocode: https://nominatim.openstreetmap.org/search?q=washington+DC&format=json&limit=1
DEBUG:urllib3.connectionpool:Starting new HTTPS connection (1): nominatim.openstreetmap.org:443
DEBUG:urllib3.connectionpool:https://nominatim.openstreetmap.org:443 "GET /search?q=washington+DC&format=json&limit=1 HTTP/1.1" 200 439
DEBUG:urllib3.util.retry:Converted retries value: 2 -> Retry(total=2, connect=None, read=None, redirect=None, status=None)
DEBUG:urllib3.util.retry:Converted retries value: 2 -> Retry(total=2, connect=None, read=None, redirect=None, status=None)
DEBUG:geopy:Nominatim.geocode: https://nominatim.openstreetmap.org/search?q=washington+DC&format=json&limit=1
DEBUG:urllib3.connectionpool:Starting new HTTPS connection (1): nominatim.openstreetmap.org:443
DEBUG:urllib3.connectionpool:https://nominatim.openstreetmap.org:443 "GET /search?q=washington+DC&format=json&limit=1 HTTP/1.1" 200 439
DEBUG:urllib3.util.retry:Converted retries value: 2 -> Retry(total=2, connect=None, read=None, redirect=None, status=None)
DEBUG:urllib3.util.retry:Converted retries value: 2 -> Retry(total=2, connect=None, read=None, redirect=None, status=None)
DEBUG:geopy:Nominatim.geocode: https://nominatim.openstreetmap.org/search?q=washington%2Cdc&format=json&limit=1
DEBUG:urllib3.connectionpool:Starting new HTTPS connection (1): nominatim.openstreetmap.org:443
DEBUG:urllib3.connectionpool:https://nominatim.openstreetmap.org:443 "GET /search?q=washington%2Cdc&format=json&limit=1 HTTP/1.1" 200 439
DEBUG:urllib3.util.retry:Converted retries value: 2 -> Retry(total=2, connect=None, read=None, redirect=None, status=None)
DEBUG:urllib3.util.retry:Converted retries value: 2 -> Retry(total=2, connect=None, read=None, redirect=None, status=None)
DEBUG:geopy:Nominatim.geocode: https://nominatim.openstreetmap.org/search?q=washington+DC&format=json&limit=1
DEBUG:urllib3.connectionpool:Starting new HTTPS connection (1): nominatim.openstreetmap.org:443
DEBUG:urllib3.connectionpool:https://nominatim.openstreetmap.org:443 "GET /search?q=washington+DC&format=json&limit=1 HTTP/1.1" 200 439
DEBUG:urllib3.util.retry:Converted retries value: 2 -> Retry(total=2, connect=None, read=None, redirect=None, status=None)
DEBUG:urllib3.util.retry:Converted retries value: 2 -> Retry(total=2, connect=None, read=None, redirect=None, status=None)
DEBUG:geopy:Nominatim.geocode: https://nominatim.openstreetmap.org/search?q=washington+DC&format=json&limit=1
DEBUG:urllib3.connectionpool:Starting new HTTPS connection (1): nominatim.openstreetmap.org:443
DEBUG:urllib3.connectionpool:https://nominatim.openstreetmap.org:443 "GET /search?q=washington+DC&format=json&limit=1 HTTP/1.1" 200 439
DEBUG:urllib3.util.retry:Converted retries value: 2 -> Retry(total=2, connect=None, read=None, redirect=None, status=None)
DEBUG:urllib3.util.retry:Converted retries value: 2 -> Retry(total=2, connect=None, read=None, redirect=None, status=None)
DEBUG:geopy:Nominatim.geocode: https://nominatim.openstreetmap.org/search?q=washington+DC&format=json&limit=1
DEBUG:urllib3.connectionpool:Starting new HTTPS connection (1): nominatim.openstreetmap.org:443
DEBUG:urllib3.connectionpool:https://nominatim.openstreetmap.org:443 "GET /search?q=washington+DC&format=json&limit=1 HTTP/1.1" 200 439
DEBUG:urllib3.util.retry:Converted retries value: 2 -> Retry(total=2, connect=None, read=None, redirect=None, status=None)
DEBUG:urllib3.util.retry:Converted retries value: 2 -> Retry(total=2, connect=None, read=None, redirect=None, status=None)
DEBUG:geopy:Nominatim.geocode: https://nominatim.openstreetmap.org/search?q=washington+DC&format=json&limit=1
DEBUG:urllib3.connectionpool:Starting new HTTPS connection (1): nominatim.openstreetmap.org:443
DEBUG:urllib3.connectionpool:https://nominatim.openstreetmap.org:443 "GET /search?q=washington+DC&format=json&limit=1 HTTP/1.1" 200 439
DEBUG:urllib3.util.retry:Converted retries value: 2 -> Retry(total=2, connect=None, read=None, redirect=None, status=None)
DEBUG:urllib3.util.retry:Converted retries value: 2 -> Retry(total=2, connect=None, read=None, redirect=None, status=None)
DEBUG:geopy:Nominatim.geocode: https://nominatim.openstreetmap.org/search?q=washington+DC&format=json&limit=1
DEBUG:urllib3.connectionpool:Starting new HTTPS connection (1): nominatim.openstreetmap.org:443
DEBUG:urllib3.connectionpool:https://nominatim.openstreetmap.org:443 "GET /search?q=washington+DC&format=json&limit=1 HTTP/1.1" 200 439
DEBUG:urllib3.util.retry:Converted retries value: 2 -> Retry(total=2, connect=None, read=None, redirect=None, status=None)
DEBUG:urllib3.util.retry:Converted retries value: 2 -> Retry(total=2, connect=None, read=None, redirect=None, status=None)
DEBUG:geopy:Nominatim.geocode: https://nominatim.openstreetmap.org/search?q=washington+DC&format=json&limit=1
DEBUG:urllib3.connectionpool:Starting new HTTPS connection (1): nominatim.openstreetmap.org:443
DEBUG:urllib3.connectionpool:https://nominatim.openstreetmap.org:443 "GET /search?q=washington+DC&format=json&limit=1 HTTP/1.1" 200 439
DEBUG:urllib3.util.retry:Converted retries value: 2 -> Retry(total=2, connect=None, read=None, redirect=None, status=None)
DEBUG:urllib3.util.retry:Converted retries value: 2 -> Retry(total=2, connect=None, read=None, redirect=None, status=None)
DEBUG:geopy:Nominatim.geocode: https://nominatim.openstreetmap.org/search?q=washington+DC&format=json&limit=1
DEBUG:urllib3.connectionpool:Starting new HTTPS connection (1): nominatim.openstreetmap.org:443
DEBUG:urllib3.connectionpool:https://nominatim.openstreetmap.org:443 "GET /search?q=washington+DC&format=json&limit=1 HTTP/1.1" 200 439
DEBUG:urllib3.util.retry:Converted retries value: 2 -> Retry(total=2, connect=None, read=None, redirect=None, status=None)
DEBUG:urllib3.util.retry:Converted retries value: 2 -> Retry(total=2, connect=None, read=None, redirect=None, status=None)
DEBUG:geopy:Nominatim.geocode: https://nominatim.openstreetmap.org/search?q=washington+DC&format=json&limit=1
DEBUG:urllib3.connectionpool:Starting new HTTPS connection (1): nominatim.openstreetmap.org:443
DEBUG:urllib3.connectionpool:https://nominatim.openstreetmap.org:443 "GET /search?q=washington+DC&format=json&limit=1 HTTP/1.1" 200 439
DEBUG:urllib3.util.retry:Converted retries value: 2 -> Retry(total=2, connect=None, read=None, redirect=None, status=None)
DEBUG:urllib3.util.retry:Converted retries value: 2 -> Retry(total=2, connect=None, read=None, redirect=None, status=None)
DEBUG:geopy:Nominatim.geocode: https://nominatim.openstreetmap.org/search?q=washington+DC&format=json&limit=1
DEBUG:urllib3.connectionpool:Starting new HTTPS connection (1): nominatim.openstreetmap.org:443
DEBUG:urllib3.connectionpool:https://nominatim.openstreetmap.org:443 "GET /search?q=washington+DC&format=json&limit=1 HTTP/1.1" 200 439
DEBUG:urllib3.util.retry:Converted retries value: 2 -> Retry(total=2, connect=None, read=None, redirect=None, status=None)
DEBUG:urllib3.util.retry:Converted retries value: 2 -> Retry(total=2, connect=None, read=None, redirect=None, status=None)
DEBUG:geopy:Nominatim.geocode: https://nominatim.openstreetmap.org/search?q=washington+DC&format=json&limit=1
DEBUG:urllib3.connectionpool:Starting new HTTPS connection (1): nominatim.openstreetmap.org:443
DEBUG:urllib3.connectionpool:https://nominatim.openstreetmap.org:443 "GET /search?q=washington+DC&format=json&limit=1 HTTP/1.1" 200 439
DEBUG:urllib3.util.retry:Converted retries value: 2 -> Retry(total=2, connect=None, read=None, redirect=None, status=None)
DEBUG:urllib3.util.retry:Converted retries value: 2 -> Retry(total=2, connect=None, read=None, redirect=None, status=None)
DEBUG:geopy:Nominatim.geocode: https://nominatim.openstreetmap.org/search?q=washington+DC&format=json&limit=1
DEBUG:urllib3.connectionpool:Starting new HTTPS connection (1): nominatim.openstreetmap.org:443
DEBUG:urllib3.connectionpool:https://nominatim.openstreetmap.org:443 "GET /search?q=washington+DC&format=json&limit=1 HTTP/1.1" 200 439
DEBUG:urllib3.util.retry:Converted retries value: 2 -> Retry(total=2, connect=None, read=None, redirect=None, status=None)
DEBUG:urllib3.util.retry:Converted retries value: 2 -> Retry(total=2, connect=None, read=None, redirect=None, status=None)
DEBUG:geopy:Nominatim.geocode: https://nominatim.openstreetmap.org/search?q=washington+DC&format=json&limit=1
DEBUG:urllib3.connectionpool:Starting new HTTPS connection (1): nominatim.openstreetmap.org:443
DEBUG:urllib3.connectionpool:https://nominatim.openstreetmap.org:443 "GET /search?q=washington+DC&format=json&limit=1 HTTP/1.1" 200 439
DEBUG:urllib3.util.retry:Converted retries value: 2 -> Retry(total=2, connect=None, read=None, redirect=None, status=None)
DEBUG:urllib3.util.retry:Converted retries value: 2 -> Retry(total=2, connect=None, read=None, redirect=None, status=None)
DEBUG:geopy:Nominatim.geocode: https://nominatim.openstreetmap.org/search?q=washington+DC&format=json&limit=1
DEBUG:urllib3.connectionpool:Starting new HTTPS connection (1): nominatim.openstreetmap.org:443
DEBUG:urllib3.connectionpool:https://nominatim.openstreetmap.org:443 "GET /search?q=washington+DC&format=json&limit=1 HTTP/1.1" 200 439
DEBUG:urllib3.util.retry:Converted retries value: 2 -> Retry(total=2, connect=None, read=None, redirect=None, status=None)
DEBUG:urllib3.util.retry:Converted retries value: 2 -> Retry(total=2, connect=None, read=None, redirect=None, status=None)
DEBUG:geopy:Nominatim.geocode: https://nominatim.openstreetmap.org/search?q=washington+DC&format=json&limit=1
DEBUG:urllib3.connectionpool:Starting new HTTPS connection (1): nominatim.openstreetmap.org:443
DEBUG:urllib3.connectionpool:https://nominatim.openstreetmap.org:443 "GET /search?q=washington+DC&format=json&limit=1 HTTP/1.1" 200 439
DEBUG:urllib3.util.retry:Converted retries value: 2 -> Retry(total=2, connect=None, read=None, redirect=None, status=None)
DEBUG:urllib3.util.retry:Converted retries value: 2 -> Retry(total=2, connect=None, read=None, redirect=None, status=None)
DEBUG:geopy:Nominatim.geocode: https://nominatim.openstreetmap.org/search?q=washington+DC&format=json&limit=1
DEBUG:urllib3.connectionpool:Starting new HTTPS connection (1): nominatim.openstreetmap.org:443
DEBUG:urllib3.connectionpool:https://nominatim.openstreetmap.org:443 "GET /search?q=washington+DC&format=json&limit=1 HTTP/1.1" 200 439
DEBUG:urllib3.util.retry:Converted retries value: 2 -> Retry(total=2, connect=None, read=None, redirect=None, status=None)
DEBUG:urllib3.util.retry:Converted retries value: 2 -> Retry(total=2, connect=None, read=None, redirect=None, status=None)
DEBUG:geopy:Nominatim.geocode: https://nominatim.openstreetmap.org/search?q=washington+DC&format=json&limit=1
DEBUG:urllib3.connectionpool:Starting new HTTPS connection (1): nominatim.openstreetmap.org:443
DEBUG:urllib3.connectionpool:https://nominatim.openstreetmap.org:443 "GET /search?q=washington+DC&format=json&limit=1 HTTP/1.1" 200 439
DEBUG:urllib3.util.retry:Converted retries value: 2 -> Retry(total=2, connect=None, read=None, redirect=None, status=None)
DEBUG:urllib3.util.retry:Converted retries value: 2 -> Retry(total=2, connect=None, read=None, redirect=None, status=None)
DEBUG:geopy:Nominatim.geocode: https://nominatim.openstreetmap.org/search?q=washington+DC&format=json&limit=1
DEBUG:urllib3.connectionpool:Starting new HTTPS connection (1): nominatim.openstreetmap.org:443
DEBUG:urllib3.util.retry:Incremented Retry for (url='/search?q=washington+DC&format=json&limit=1'): Retry(total=1, connect=None, read=None, redirect=None, status=None)
WARNING:urllib3.connectionpool:Retrying (Retry(total=1, connect=None, read=None, redirect=None, status=None)) after connection broken by 'ReadTimeoutError("HTTPSConnectionPool(host='nominatim.openstreetmap.org', port=443): Read timed out. (read timeout=1)")': /search?q=washington+DC&format=json&limit=1
DEBUG:urllib3.connectionpool:Starting new HTTPS connection (2): nominatim.openstreetmap.org:443
DEBUG:urllib3.util.retry:Incremented Retry for (url='/search?q=washington+DC&format=json&limit=1'): Retry(total=0, connect=None, read=None, redirect=None, status=None)
WARNING:urllib3.connectionpool:Retrying (Retry(total=0, connect=None, read=None, redirect=None, status=None)) after connection broken by 'ReadTimeoutError("HTTPSConnectionPool(host='nominatim.openstreetmap.org', port=443): Read timed out. (read timeout=1)")': /search?q=washington+DC&format=json&limit=1
DEBUG:urllib3.connectionpool:Starting new HTTPS connection (3): nominatim.openstreetmap.org:443
DEBUG:urllib3.connectionpool:https://nominatim.openstreetmap.org:443 "GET /search?q=washington+DC&format=json&limit=1 HTTP/1.1" 200 439
DEBUG:urllib3.util.retry:Converted retries value: 2 -> Retry(total=2, connect=None, read=None, redirect=None, status=None)
DEBUG:urllib3.util.retry:Converted retries value: 2 -> Retry(total=2, connect=None, read=None, redirect=None, status=None)
DEBUG:geopy:Nominatim.geocode: https://nominatim.openstreetmap.org/search?q=washington+DC&format=json&limit=1
DEBUG:urllib3.connectionpool:Starting new HTTPS connection (1): nominatim.openstreetmap.org:443
DEBUG:urllib3.connectionpool:https://nominatim.openstreetmap.org:443 "GET /search?q=washington+DC&format=json&limit=1 HTTP/1.1" 200 439
DEBUG:urllib3.util.retry:Converted retries value: 2 -> Retry(total=2, connect=None, read=None, redirect=None, status=None)
DEBUG:urllib3.util.retry:Converted retries value: 2 -> Retry(total=2, connect=None, read=None, redirect=None, status=None)
DEBUG:geopy:Nominatim.geocode: https://nominatim.openstreetmap.org/search?q=washington+DC&format=json&limit=1
DEBUG:urllib3.connectionpool:Starting new HTTPS connection (1): nominatim.openstreetmap.org:443
DEBUG:urllib3.connectionpool:https://nominatim.openstreetmap.org:443 "GET /search?q=washington+DC&format=json&limit=1 HTTP/1.1" 200 439
DEBUG:urllib3.util.retry:Converted retries value: 2 -> Retry(total=2, connect=None, read=None, redirect=None, status=None)
DEBUG:urllib3.util.retry:Converted retries value: 2 -> Retry(total=2, connect=None, read=None, redirect=None, status=None)
DEBUG:geopy:Nominatim.geocode: https://nominatim.openstreetmap.org/search?q=washignton+dc&format=json&limit=1
DEBUG:urllib3.connectionpool:Starting new HTTPS connection (1): nominatim.openstreetmap.org:443
DEBUG:urllib3.connectionpool:https://nominatim.openstreetmap.org:443 "GET /search?q=washignton+dc&format=json&limit=1 HTTP/1.1" 200 2
DEBUG:urllib3.util.retry:Converted retries value: 2 -> Retry(total=2, connect=None, read=None, redirect=None, status=None)
DEBUG:urllib3.util.retry:Converted retries value: 2 -> Retry(total=2, connect=None, read=None, redirect=None, status=None)
DEBUG:geopy:Nominatim.geocode: https://nominatim.openstreetmap.org/search?q=washington+dc&format=json&limit=1
DEBUG:urllib3.connectionpool:Starting new HTTPS connection (1): nominatim.openstreetmap.org:443
DEBUG:urllib3.connectionpool:https://nominatim.openstreetmap.org:443 "GET /search?q=washington+dc&format=json&limit=1 HTTP/1.1" 200 439
DEBUG:urllib3.util.retry:Converted retries value: 2 -> Retry(total=2, connect=None, read=None, redirect=None, status=None)
DEBUG:urllib3.util.retry:Converted retries value: 2 -> Retry(total=2, connect=None, read=None, redirect=None, status=None)
DEBUG:geopy:Nominatim.geocode: https://nominatim.openstreetmap.org/search?q=washington+DC&format=json&limit=1
DEBUG:urllib3.connectionpool:Starting new HTTPS connection (1): nominatim.openstreetmap.org:443
DEBUG:urllib3.connectionpool:https://nominatim.openstreetmap.org:443 "GET /search?q=washington+DC&format=json&limit=1 HTTP/1.1" 200 439
DEBUG:urllib3.util.retry:Converted retries value: 2 -> Retry(total=2, connect=None, read=None, redirect=None, status=None)
DEBUG:urllib3.util.retry:Converted retries value: 2 -> Retry(total=2, connect=None, read=None, redirect=None, status=None)
DEBUG:geopy:Nominatim.geocode: https://nominatim.openstreetmap.org/search?q=washington+DC&format=json&limit=1
DEBUG:urllib3.connectionpool:Starting new HTTPS connection (1): nominatim.openstreetmap.org:443
DEBUG:urllib3.util.retry:Incremented Retry for (url='/search?q=washington+DC&format=json&limit=1'): Retry(total=1, connect=None, read=None, redirect=None, status=None)
WARNING:urllib3.connectionpool:Retrying (Retry(total=1, connect=None, read=None, redirect=None, status=None)) after connection broken by 'ReadTimeoutError("HTTPSConnectionPool(host='nominatim.openstreetmap.org', port=443): Read timed out. (read timeout=1)")': /search?q=washington+DC&format=json&limit=1
DEBUG:urllib3.connectionpool:Starting new HTTPS connection (2): nominatim.openstreetmap.org:443
DEBUG:urllib3.connectionpool:https://nominatim.openstreetmap.org:443 "GET /search?q=washington+DC&format=json&limit=1 HTTP/1.1" 200 439
DEBUG:urllib3.util.retry:Converted retries value: 2 -> Retry(total=2, connect=None, read=None, redirect=None, status=None)
DEBUG:urllib3.util.retry:Converted retries value: 2 -> Retry(total=2, connect=None, read=None, redirect=None, status=None)
DEBUG:geopy:Nominatim.geocode: https://nominatim.openstreetmap.org/search?q=washington+DC&format=json&limit=1
DEBUG:urllib3.connectionpool:Starting new HTTPS connection (1): nominatim.openstreetmap.org:443
DEBUG:urllib3.connectionpool:https://nominatim.openstreetmap.org:443 "GET /search?q=washington+DC&format=json&limit=1 HTTP/1.1" 200 439
DEBUG:urllib3.util.retry:Converted retries value: 2 -> Retry(total=2, connect=None, read=None, redirect=None, status=None)
DEBUG:urllib3.util.retry:Converted retries value: 2 -> Retry(total=2, connect=None, read=None, redirect=None, status=None)
DEBUG:geopy:Nominatim.geocode: https://nominatim.openstreetmap.org/search?q=washington+DC&format=json&limit=1
DEBUG:urllib3.connectionpool:Starting new HTTPS connection (1): nominatim.openstreetmap.org:443
DEBUG:urllib3.connectionpool:https://nominatim.openstreetmap.org:443 "GET /search?q=washington+DC&format=json&limit=1 HTTP/1.1" 200 439
DEBUG:urllib3.util.retry:Converted retries value: 2 -> Retry(total=2, connect=None, read=None, redirect=None, status=None)
DEBUG:urllib3.util.retry:Converted retries value: 2 -> Retry(total=2, connect=None, read=None, redirect=None, status=None)
DEBUG:geopy:Nominatim.geocode: https://nominatim.openstreetmap.org/search?q=washington+DC&format=json&limit=1
DEBUG:urllib3.connectionpool:Starting new HTTPS connection (1): nominatim.openstreetmap.org:443
DEBUG:urllib3.connectionpool:https://nominatim.openstreetmap.org:443 "GET /search?q=washington+DC&format=json&limit=1 HTTP/1.1" 200 439
DEBUG:urllib3.util.retry:Converted retries value: 2 -> Retry(total=2, connect=None, read=None, redirect=None, status=None)
DEBUG:urllib3.util.retry:Converted retries value: 2 -> Retry(total=2, connect=None, read=None, redirect=None, status=None)
DEBUG:geopy:Nominatim.geocode: https://nominatim.openstreetmap.org/search?q=washington+DC&format=json&limit=1
DEBUG:urllib3.connectionpool:Starting new HTTPS connection (1): nominatim.openstreetmap.org:443
DEBUG:urllib3.connectionpool:https://nominatim.openstreetmap.org:443 "GET /search?q=washington+DC&format=json&limit=1 HTTP/1.1" 200 439
DEBUG:urllib3.util.retry:Converted retries value: 2 -> Retry(total=2, connect=None, read=None, redirect=None, status=None)
DEBUG:urllib3.util.retry:Converted retries value: 2 -> Retry(total=2, connect=None, read=None, redirect=None, status=None)
DEBUG:geopy:Nominatim.geocode: https://nominatim.openstreetmap.org/search?q=washington+DC&format=json&limit=1
DEBUG:urllib3.connectionpool:Starting new HTTPS connection (1): nominatim.openstreetmap.org:443
DEBUG:urllib3.connectionpool:https://nominatim.openstreetmap.org:443 "GET /search?q=washington+DC&format=json&limit=1 HTTP/1.1" 200 439
DEBUG:urllib3.util.retry:Converted retries value: 2 -> Retry(total=2, connect=None, read=None, redirect=None, status=None)
DEBUG:urllib3.util.retry:Converted retries value: 2 -> Retry(total=2, connect=None, read=None, redirect=None, status=None)
DEBUG:geopy:Nominatim.geocode: https://nominatim.openstreetmap.org/search?q=washington+DC&format=json&limit=1
DEBUG:urllib3.connectionpool:Starting new HTTPS connection (1): nominatim.openstreetmap.org:443
DEBUG:urllib3.connectionpool:https://nominatim.openstreetmap.org:443 "GET /search?q=washington+DC&format=json&limit=1 HTTP/1.1" 200 439
DEBUG:urllib3.util.retry:Converted retries value: 2 -> Retry(total=2, connect=None, read=None, redirect=None, status=None)
DEBUG:urllib3.util.retry:Converted retries value: 2 -> Retry(total=2, connect=None, read=None, redirect=None, status=None)
DEBUG:geopy:Nominatim.geocode: https://nominatim.openstreetmap.org/search?q=washington+DC&format=json&limit=1
DEBUG:urllib3.connectionpool:Starting new HTTPS connection (1): nominatim.openstreetmap.org:443
DEBUG:urllib3.connectionpool:https://nominatim.openstreetmap.org:443 "GET /search?q=washington+DC&format=json&limit=1 HTTP/1.1" 200 439
DEBUG:urllib3.util.retry:Converted retries value: 2 -> Retry(total=2, connect=None, read=None, redirect=None, status=None)
DEBUG:urllib3.util.retry:Converted retries value: 2 -> Retry(total=2, connect=None, read=None, redirect=None, status=None)
DEBUG:geopy:Nominatim.geocode: https://nominatim.openstreetmap.org/search?q=washington+DC&format=json&limit=1
DEBUG:urllib3.connectionpool:Starting new HTTPS connection (1): nominatim.openstreetmap.org:443
DEBUG:urllib3.connectionpool:https://nominatim.openstreetmap.org:443 "GET /search?q=washington+DC&format=json&limit=1 HTTP/1.1" 200 439
DEBUG:urllib3.util.retry:Converted retries value: 2 -> Retry(total=2, connect=None, read=None, redirect=None, status=None)
DEBUG:urllib3.util.retry:Converted retries value: 2 -> Retry(total=2, connect=None, read=None, redirect=None, status=None)
DEBUG:geopy:Nominatim.geocode: https://nominatim.openstreetmap.org/search?q=washington+DC&format=json&limit=1
DEBUG:urllib3.connectionpool:Starting new HTTPS connection (1): nominatim.openstreetmap.org:443
DEBUG:urllib3.connectionpool:https://nominatim.openstreetmap.org:443 "GET /search?q=washington+DC&format=json&limit=1 HTTP/1.1" 200 439
DEBUG:urllib3.util.retry:Converted retries value: 2 -> Retry(total=2, connect=None, read=None, redirect=None, status=None)
DEBUG:urllib3.util.retry:Converted retries value: 2 -> Retry(total=2, connect=None, read=None, redirect=None, status=None)
DEBUG:geopy:Nominatim.geocode: https://nominatim.openstreetmap.org/search?q=washington+DC&format=json&limit=1
DEBUG:urllib3.connectionpool:Starting new HTTPS connection (1): nominatim.openstreetmap.org:443
DEBUG:urllib3.connectionpool:https://nominatim.openstreetmap.org:443 "GET /search?q=washington+DC&format=json&limit=1 HTTP/1.1" 200 439
DEBUG:urllib3.util.retry:Converted retries value: 2 -> Retry(total=2, connect=None, read=None, redirect=None, status=None)
DEBUG:urllib3.util.retry:Converted retries value: 2 -> Retry(total=2, connect=None, read=None, redirect=None, status=None)
DEBUG:geopy:Nominatim.geocode: https://nominatim.openstreetmap.org/search?q=washington+DC&format=json&limit=1
DEBUG:urllib3.connectionpool:Starting new HTTPS connection (1): nominatim.openstreetmap.org:443
DEBUG:urllib3.connectionpool:https://nominatim.openstreetmap.org:443 "GET /search?q=washington+DC&format=json&limit=1 HTTP/1.1" 200 439
DEBUG:urllib3.util.retry:Converted retries value: 2 -> Retry(total=2, connect=None, read=None, redirect=None, status=None)
DEBUG:urllib3.util.retry:Converted retries value: 2 -> Retry(total=2, connect=None, read=None, redirect=None, status=None)
DEBUG:geopy:Nominatim.geocode: https://nominatim.openstreetmap.org/search?q=washington%2Cdc&format=json&limit=1
DEBUG:urllib3.connectionpool:Starting new HTTPS connection (1): nominatim.openstreetmap.org:443
DEBUG:urllib3.connectionpool:https://nominatim.openstreetmap.org:443 "GET /search?q=washington%2Cdc&format=json&limit=1 HTTP/1.1" 200 439
DEBUG:urllib3.util.retry:Converted retries value: 2 -> Retry(total=2, connect=None, read=None, redirect=None, status=None)
DEBUG:urllib3.util.retry:Converted retries value: 2 -> Retry(total=2, connect=None, read=None, redirect=None, status=None)
DEBUG:geopy:Nominatim.geocode: https://nominatim.openstreetmap.org/search?q=washington+DC&format=json&limit=1
DEBUG:urllib3.connectionpool:Starting new HTTPS connection (1): nominatim.openstreetmap.org:443
DEBUG:urllib3.connectionpool:https://nominatim.openstreetmap.org:443 "GET /search?q=washington+DC&format=json&limit=1 HTTP/1.1" 200 439
DEBUG:urllib3.util.retry:Converted retries value: 2 -> Retry(total=2, connect=None, read=None, redirect=None, status=None)
DEBUG:urllib3.util.retry:Converted retries value: 2 -> Retry(total=2, connect=None, read=None, redirect=None, status=None)
DEBUG:geopy:Nominatim.geocode: https://nominatim.openstreetmap.org/search?q=washington+DC&format=json&limit=1
DEBUG:urllib3.connectionpool:Starting new HTTPS connection (1): nominatim.openstreetmap.org:443
DEBUG:urllib3.connectionpool:https://nominatim.openstreetmap.org:443 "GET /search?q=washington+DC&format=json&limit=1 HTTP/1.1" 200 439
DEBUG:urllib3.util.retry:Converted retries value: 2 -> Retry(total=2, connect=None, read=None, redirect=None, status=None)
DEBUG:urllib3.util.retry:Converted retries value: 2 -> Retry(total=2, connect=None, read=None, redirect=None, status=None)
DEBUG:geopy:Nominatim.geocode: https://nominatim.openstreetmap.org/search?q=washington+DC&format=json&limit=1
DEBUG:urllib3.connectionpool:Starting new HTTPS connection (1): nominatim.openstreetmap.org:443
DEBUG:urllib3.connectionpool:https://nominatim.openstreetmap.org:443 "GET /search?q=washington+DC&format=json&limit=1 HTTP/1.1" 200 439
DEBUG:urllib3.util.retry:Converted retries value: 2 -> Retry(total=2, connect=None, read=None, redirect=None, status=None)
DEBUG:urllib3.util.retry:Converted retries value: 2 -> Retry(total=2, connect=None, read=None, redirect=None, status=None)
DEBUG:geopy:Nominatim.geocode: https://nominatim.openstreetmap.org/search?q=washington+DC&format=json&limit=1
DEBUG:urllib3.connectionpool:Starting new HTTPS connection (1): nominatim.openstreetmap.org:443
DEBUG:urllib3.connectionpool:https://nominatim.openstreetmap.org:443 "GET /search?q=washington+DC&format=json&limit=1 HTTP/1.1" 200 439
DEBUG:urllib3.util.retry:Converted retries value: 2 -> Retry(total=2, connect=None, read=None, redirect=None, status=None)
DEBUG:urllib3.util.retry:Converted retries value: 2 -> Retry(total=2, connect=None, read=None, redirect=None, status=None)
DEBUG:geopy:Nominatim.geocode: https://nominatim.openstreetmap.org/search?q=washington+DC&format=json&limit=1
DEBUG:urllib3.connectionpool:Starting new HTTPS connection (1): nominatim.openstreetmap.org:443
DEBUG:urllib3.connectionpool:https://nominatim.openstreetmap.org:443 "GET /search?q=washington+DC&format=json&limit=1 HTTP/1.1" 200 439
DEBUG:urllib3.util.retry:Converted retries value: 2 -> Retry(total=2, connect=None, read=None, redirect=None, status=None)
DEBUG:urllib3.util.retry:Converted retries value: 2 -> Retry(total=2, connect=None, read=None, redirect=None, status=None)
DEBUG:geopy:Nominatim.geocode: https://nominatim.openstreetmap.org/search?q=washington+DC&format=json&limit=1
DEBUG:urllib3.connectionpool:Starting new HTTPS connection (1): nominatim.openstreetmap.org:443
DEBUG:urllib3.connectionpool:https://nominatim.openstreetmap.org:443 "GET /search?q=washington+DC&format=json&limit=1 HTTP/1.1" 200 439
DEBUG:urllib3.util.retry:Converted retries value: 2 -> Retry(total=2, connect=None, read=None, redirect=None, status=None)
DEBUG:urllib3.util.retry:Converted retries value: 2 -> Retry(total=2, connect=None, read=None, redirect=None, status=None)
DEBUG:geopy:Nominatim.geocode: https://nominatim.openstreetmap.org/search?q=washington+DC&format=json&limit=1
DEBUG:urllib3.connectionpool:Starting new HTTPS connection (1): nominatim.openstreetmap.org:443
DEBUG:urllib3.connectionpool:https://nominatim.openstreetmap.org:443 "GET /search?q=washington+DC&format=json&limit=1 HTTP/1.1" 200 439
DEBUG:urllib3.util.retry:Converted retries value: 2 -> Retry(total=2, connect=None, read=None, redirect=None, status=None)
DEBUG:urllib3.util.retry:Converted retries value: 2 -> Retry(total=2, connect=None, read=None, redirect=None, status=None)
DEBUG:geopy:Nominatim.geocode: https://nominatim.openstreetmap.org/search?q=washington+DC&format=json&limit=1
DEBUG:urllib3.connectionpool:Starting new HTTPS connection (1): nominatim.openstreetmap.org:443
DEBUG:urllib3.connectionpool:https://nominatim.openstreetmap.org:443 "GET /search?q=washington+DC&format=json&limit=1 HTTP/1.1" 200 439
DEBUG:urllib3.util.retry:Converted retries value: 2 -> Retry(total=2, connect=None, read=None, redirect=None, status=None)
DEBUG:urllib3.util.retry:Converted retries value: 2 -> Retry(total=2, connect=None, read=None, redirect=None, status=None)
DEBUG:geopy:Nominatim.geocode: https://nominatim.openstreetmap.org/search?q=washington+DC&format=json&limit=1
DEBUG:urllib3.connectionpool:Starting new HTTPS connection (1): nominatim.openstreetmap.org:443
DEBUG:urllib3.connectionpool:https://nominatim.openstreetmap.org:443 "GET /search?q=washington+DC&format=json&limit=1 HTTP/1.1" 200 439
DEBUG:urllib3.util.retry:Converted retries value: 2 -> Retry(total=2, connect=None, read=None, redirect=None, status=None)
DEBUG:urllib3.util.retry:Converted retries value: 2 -> Retry(total=2, connect=None, read=None, redirect=None, status=None)
DEBUG:geopy:Nominatim.geocode: https://nominatim.openstreetmap.org/search?q=washington+DC&format=json&limit=1
DEBUG:urllib3.connectionpool:Starting new HTTPS connection (1): nominatim.openstreetmap.org:443
DEBUG:urllib3.connectionpool:https://nominatim.openstreetmap.org:443 "GET /search?q=washington+DC&format=json&limit=1 HTTP/1.1" 200 439
DEBUG:urllib3.util.retry:Converted retries value: 2 -> Retry(total=2, connect=None, read=None, redirect=None, status=None)
DEBUG:urllib3.util.retry:Converted retries value: 2 -> Retry(total=2, connect=None, read=None, redirect=None, status=None)
DEBUG:geopy:Nominatim.geocode: https://nominatim.openstreetmap.org/search?q=washington+DC&format=json&limit=1
DEBUG:urllib3.connectionpool:Starting new HTTPS connection (1): nominatim.openstreetmap.org:443
DEBUG:urllib3.connectionpool:https://nominatim.openstreetmap.org:443 "GET /search?q=washington+DC&format=json&limit=1 HTTP/1.1" 200 439
DEBUG:urllib3.util.retry:Converted retries value: 2 -> Retry(total=2, connect=None, read=None, redirect=None, status=None)
DEBUG:urllib3.util.retry:Converted retries value: 2 -> Retry(total=2, connect=None, read=None, redirect=None, status=None)
DEBUG:geopy:Nominatim.geocode: https://nominatim.openstreetmap.org/search?q=washington+DC&format=json&limit=1
DEBUG:urllib3.connectionpool:Starting new HTTPS connection (1): nominatim.openstreetmap.org:443
DEBUG:urllib3.connectionpool:https://nominatim.openstreetmap.org:443 "GET /search?q=washington+DC&format=json&limit=1 HTTP/1.1" 200 439
DEBUG:urllib3.util.retry:Converted retries value: 2 -> Retry(total=2, connect=None, read=None, redirect=None, status=None)
DEBUG:urllib3.util.retry:Converted retries value: 2 -> Retry(total=2, connect=None, read=None, redirect=None, status=None)
DEBUG:geopy:Nominatim.geocode: https://nominatim.openstreetmap.org/search?q=washington+DC&format=json&limit=1
DEBUG:urllib3.connectionpool:Starting new HTTPS connection (1): nominatim.openstreetmap.org:443
DEBUG:urllib3.connectionpool:https://nominatim.openstreetmap.org:443 "GET /search?q=washington+DC&format=json&limit=1 HTTP/1.1" 200 439
DEBUG:urllib3.util.retry:Converted retries value: 2 -> Retry(total=2, connect=None, read=None, redirect=None, status=None)
DEBUG:urllib3.util.retry:Converted retries value: 2 -> Retry(total=2, connect=None, read=None, redirect=None, status=None)
DEBUG:geopy:Nominatim.geocode: https://nominatim.openstreetmap.org/search?q=washington+DC&format=json&limit=1
DEBUG:urllib3.connectionpool:Starting new HTTPS connection (1): nominatim.openstreetmap.org:443
DEBUG:urllib3.connectionpool:https://nominatim.openstreetmap.org:443 "GET /search?q=washington+DC&format=json&limit=1 HTTP/1.1" 200 439
DEBUG:urllib3.util.retry:Converted retries value: 2 -> Retry(total=2, connect=None, read=None, redirect=None, status=None)
DEBUG:urllib3.util.retry:Converted retries value: 2 -> Retry(total=2, connect=None, read=None, redirect=None, status=None)
DEBUG:geopy:Nominatim.geocode: https://nominatim.openstreetmap.org/search?q=washington+DC&format=json&limit=1
DEBUG:urllib3.connectionpool:Starting new HTTPS connection (1): nominatim.openstreetmap.org:443
DEBUG:urllib3.connectionpool:https://nominatim.openstreetmap.org:443 "GET /search?q=washington+DC&format=json&limit=1 HTTP/1.1" 200 439
DEBUG:urllib3.util.retry:Converted retries value: 2 -> Retry(total=2, connect=None, read=None, redirect=None, status=None)
DEBUG:urllib3.util.retry:Converted retries value: 2 -> Retry(total=2, connect=None, read=None, redirect=None, status=None)
DEBUG:geopy:Nominatim.geocode: https://nominatim.openstreetmap.org/search?q=washington+DC&format=json&limit=1
DEBUG:urllib3.connectionpool:Starting new HTTPS connection (1): nominatim.openstreetmap.org:443
DEBUG:urllib3.connectionpool:https://nominatim.openstreetmap.org:443 "GET /search?q=washington+DC&format=json&limit=1 HTTP/1.1" 200 439
DEBUG:urllib3.util.retry:Converted retries value: 2 -> Retry(total=2, connect=None, read=None, redirect=None, status=None)
DEBUG:urllib3.util.retry:Converted retries value: 2 -> Retry(total=2, connect=None, read=None, redirect=None, status=None)
DEBUG:geopy:Nominatim.geocode: https://nominatim.openstreetmap.org/search?q=washington+DC&format=json&limit=1
DEBUG:urllib3.connectionpool:Starting new HTTPS connection (1): nominatim.openstreetmap.org:443
DEBUG:urllib3.connectionpool:https://nominatim.openstreetmap.org:443 "GET /search?q=washington+DC&format=json&limit=1 HTTP/1.1" 200 439
DEBUG:urllib3.util.retry:Converted retries value: 2 -> Retry(total=2, connect=None, read=None, redirect=None, status=None)
DEBUG:urllib3.util.retry:Converted retries value: 2 -> Retry(total=2, connect=None, read=None, redirect=None, status=None)
DEBUG:geopy:Nominatim.geocode: https://nominatim.openstreetmap.org/search?q=washington+DC&format=json&limit=1
DEBUG:urllib3.connectionpool:Starting new HTTPS connection (1): nominatim.openstreetmap.org:443
DEBUG:urllib3.connectionpool:https://nominatim.openstreetmap.org:443 "GET /search?q=washington+DC&format=json&limit=1 HTTP/1.1" 200 439
DEBUG:urllib3.util.retry:Converted retries value: 2 -> Retry(total=2, connect=None, read=None, redirect=None, status=None)
DEBUG:urllib3.util.retry:Converted retries value: 2 -> Retry(total=2, connect=None, read=None, redirect=None, status=None)
DEBUG:geopy:Nominatim.geocode: https://nominatim.openstreetmap.org/search?q=washington+DC&format=json&limit=1
DEBUG:urllib3.connectionpool:Starting new HTTPS connection (1): nominatim.openstreetmap.org:443
DEBUG:urllib3.connectionpool:https://nominatim.openstreetmap.org:443 "GET /search?q=washington+DC&format=json&limit=1 HTTP/1.1" 200 439
DEBUG:urllib3.util.retry:Converted retries value: 2 -> Retry(total=2, connect=None, read=None, redirect=None, status=None)
DEBUG:urllib3.util.retry:Converted retries value: 2 -> Retry(total=2, connect=None, read=None, redirect=None, status=None)
DEBUG:geopy:Nominatim.geocode: https://nominatim.openstreetmap.org/search?q=washington+DC&format=json&limit=1
DEBUG:urllib3.connectionpool:Starting new HTTPS connection (1): nominatim.openstreetmap.org:443
DEBUG:urllib3.connectionpool:https://nominatim.openstreetmap.org:443 "GET /search?q=washington+DC&format=json&limit=1 HTTP/1.1" 200 439
DEBUG:urllib3.util.retry:Converted retries value: 2 -> Retry(total=2, connect=None, read=None, redirect=None, status=None)
DEBUG:urllib3.util.retry:Converted retries value: 2 -> Retry(total=2, connect=None, read=None, redirect=None, status=None)
DEBUG:geopy:Nominatim.geocode: https://nominatim.openstreetmap.org/search?q=washington+DC&format=json&limit=1
DEBUG:urllib3.connectionpool:Starting new HTTPS connection (1): nominatim.openstreetmap.org:443
DEBUG:urllib3.connectionpool:https://nominatim.openstreetmap.org:443 "GET /search?q=washington+DC&format=json&limit=1 HTTP/1.1" 200 439
DEBUG:urllib3.util.retry:Converted retries value: 2 -> Retry(total=2, connect=None, read=None, redirect=None, status=None)
DEBUG:urllib3.util.retry:Converted retries value: 2 -> Retry(total=2, connect=None, read=None, redirect=None, status=None)
DEBUG:geopy:Nominatim.geocode: https://nominatim.openstreetmap.org/search?q=washington+DC&format=json&limit=1
DEBUG:urllib3.connectionpool:Starting new HTTPS connection (1): nominatim.openstreetmap.org:443
DEBUG:urllib3.connectionpool:https://nominatim.openstreetmap.org:443 "GET /search?q=washington+DC&format=json&limit=1 HTTP/1.1" 200 439
DEBUG:urllib3.util.retry:Converted retries value: 2 -> Retry(total=2, connect=None, read=None, redirect=None, status=None)
DEBUG:urllib3.util.retry:Converted retries value: 2 -> Retry(total=2, connect=None, read=None, redirect=None, status=None)
DEBUG:geopy:Nominatim.geocode: https://nominatim.openstreetmap.org/search?q=washington+DC&format=json&limit=1
DEBUG:urllib3.connectionpool:Starting new HTTPS connection (1): nominatim.openstreetmap.org:443
DEBUG:urllib3.connectionpool:https://nominatim.openstreetmap.org:443 "GET /search?q=washington+DC&format=json&limit=1 HTTP/1.1" 200 439
DEBUG:urllib3.util.retry:Converted retries value: 2 -> Retry(total=2, connect=None, read=None, redirect=None, status=None)
DEBUG:urllib3.util.retry:Converted retries value: 2 -> Retry(total=2, connect=None, read=None, redirect=None, status=None)
DEBUG:geopy:Nominatim.geocode: https://nominatim.openstreetmap.org/search?q=washington+DC&format=json&limit=1
DEBUG:urllib3.connectionpool:Starting new HTTPS connection (1): nominatim.openstreetmap.org:443
DEBUG:urllib3.connectionpool:https://nominatim.openstreetmap.org:443 "GET /search?q=washington+DC&format=json&limit=1 HTTP/1.1" 200 439
DEBUG:urllib3.util.retry:Converted retries value: 2 -> Retry(total=2, connect=None, read=None, redirect=None, status=None)
DEBUG:urllib3.util.retry:Converted retries value: 2 -> Retry(total=2, connect=None, read=None, redirect=None, status=None)
DEBUG:geopy:Nominatim.geocode: https://nominatim.openstreetmap.org/search?q=washington+DC&format=json&limit=1
DEBUG:urllib3.connectionpool:Starting new HTTPS connection (1): nominatim.openstreetmap.org:443
DEBUG:urllib3.connectionpool:https://nominatim.openstreetmap.org:443 "GET /search?q=washington+DC&format=json&limit=1 HTTP/1.1" 200 439
DEBUG:urllib3.util.retry:Converted retries value: 2 -> Retry(total=2, connect=None, read=None, redirect=None, status=None)
DEBUG:urllib3.util.retry:Converted retries value: 2 -> Retry(total=2, connect=None, read=None, redirect=None, status=None)
DEBUG:geopy:Nominatim.geocode: https://nominatim.openstreetmap.org/search?q=washington+DC&format=json&limit=1
DEBUG:urllib3.connectionpool:Starting new HTTPS connection (1): nominatim.openstreetmap.org:443
DEBUG:urllib3.connectionpool:https://nominatim.openstreetmap.org:443 "GET /search?q=washington+DC&format=json&limit=1 HTTP/1.1" 200 439
DEBUG:urllib3.util.retry:Converted retries value: 2 -> Retry(total=2, connect=None, read=None, redirect=None, status=None)
DEBUG:urllib3.util.retry:Converted retries value: 2 -> Retry(total=2, connect=None, read=None, redirect=None, status=None)
DEBUG:geopy:Nominatim.geocode: https://nominatim.openstreetmap.org/search?q=washington+DC&format=json&limit=1
DEBUG:urllib3.connectionpool:Starting new HTTPS connection (1): nominatim.openstreetmap.org:443
DEBUG:urllib3.connectionpool:https://nominatim.openstreetmap.org:443 "GET /search?q=washington+DC&format=json&limit=1 HTTP/1.1" 200 439
